INFO:root:Init main
INFO:root:Init main
INFO:root:Init main
INFO:root:Init run camera process
INFO:root:GUI Created
INFO:root:Init main
INFO:root:Init run camera process
INFO:root:GUI Created
INFO:root:Init main
INFO:root:GUI Created
INFO:root:Init run camera process
INFO:root:Init main
INFO:root:GUI Created
INFO:root:Init run camera process
INFO:root:Init main
INFO:root:GUI Created
INFO:root:Init run camera process
INFO:root:Init main
INFO:root:GUI Created
INFO:root:Init run camera process
INFO:root:Init main
INFO:root:GUI Created
INFO:root:Init run camera process
INFO:root:Init main
INFO:root:GUI Created
INFO:root:Init main
INFO:root:GUI Created
INFO:root:Init main
INFO:root:GUI Created
ERROR:root:Error in getFrameInLabelNone
ERROR:root:Error in getFrameInLabelNone
ERROR:root:Error in getFrameInLabelNone
INFO:root:Init main
INFO:root:GUI Created
ERROR:root:Error in getFrameInLabelNone
INFO:root:Init main
INFO:root:GUI Created
ERROR:root:Error in getFrameInLabelNone
INFO:root:Init main
INFO:root:GUI Created
INFO:root:Init main
INFO:root:GUI Created
ERROR:root:Error in getFrameInLabelNone
INFO:root:Init main
INFO:root:GUI Created
ERROR:root:Error in getFrameInLabelNone
INFO:root:Init main
INFO:root:GUI Created
ERROR:root:Error in getFrameInLabelNone
INFO:root:Init main
INFO:root:GUI Created
ERROR:root:Error in getFrameInLabel[WinError 10060] Se produjo un error durante el intento de conexión ya que la parte conectada no respondió adecuadamente tras un periodo de tiempo, o bien se produjo un error en la conexión establecida ya que el host conectado no ha podido responder
INFO:root:Init main
INFO:root:GUI Created
ERROR:root:Error in getFrameInLabelNone
INFO:root:Init main
INFO:root:GUI Created
ERROR:root:Error in getFrameInLabel[WinError 10060] Se produjo un error durante el intento de conexión ya que la parte conectada no respondió adecuadamente tras un periodo de tiempo, o bien se produjo un error en la conexión establecida ya que el host conectado no ha podido responder
INFO:root:Init main
INFO:root:GUI Created
ERROR:root:Error in getFrameInLabelNone
ERROR:root:Error in getFrameInLabelNone
ERROR:root:Error in getFrameInLabelNone
INFO:root:Init main
INFO:root:GUI Created
ERROR:root:Error in getFrameInLabel'Moneda de 50 centavos'
ERROR:root:Error in getFrameInLabel'Moneda de 50 centavos'
INFO:root:Init main
INFO:root:GUI Created
ERROR:root:Error in getFrameInLabel'Moneda de 50 centavos'
ERROR:root:Error in getFrameInLabel'Moneda de 50 centavos'
ERROR:root:Error in getFrameInLabel'Moneda de 50 centavos'
INFO:root:Init main
INFO:root:GUI Created
ERROR:root:Error in getFrameInLabel'Moneda de 50 centavos'
ERROR:root:Error in getFrameInLabel'Moneda de 50 centavos'
INFO:root:Init main
INFO:root:GUI Created
INFO:root:Init main
INFO:root:GUI Created
INFO:root:Init main
INFO:root:GUI Created
INFO:root:Init main
INFO:root:GUI Created
INFO:root:Init main
INFO:root:GUI Created
INFO:root:Init main
INFO:root:GUI Created
INFO:root:Init main
INFO:root:GUI Created
INFO:root:Init main
INFO:root:GUI Created
INFO:root:Init main
INFO:root:GUI Created
INFO:root:Init main
INFO:root:GUI Created
INFO:root:Init main
INFO:root:GUI Created
INFO:root:Init main
INFO:root:GUI Created
INFO:root:Init main
INFO:root:GUI Created
INFO:root:Init main
INFO:root:GUI Created
INFO:root:Init main
INFO:root:GUI Created
INFO:root:Init main
INFO:root:GUI Created
INFO:root:Init main
INFO:root:GUI Created
INFO:root:Init main
INFO:root:GUI Created
INFO:root:Init main
INFO:root:GUI Created
INFO:root:Init main
INFO:root:GUI Created
INFO:root:Init main
INFO:root:GUI Created
INFO:root:Init main
INFO:root:GUI Created
INFO:root:Init main
INFO:root:GUI Created
INFO:root:Init main
INFO:root:Init main
INFO:root:Init main
INFO:root:Init main
INFO:root:Init main
INFO:root:Init main
INFO:root:Init main
INFO:root:GUI Created
INFO:root:Init main
INFO:root:Init main
INFO:root:Init main
INFO:root:Init main
INFO:root:GUI Created
INFO:root:Init main
INFO:root:GUI Created
INFO:root:Init main
INFO:root:GUI Created
INFO:root:Init main
INFO:root:GUI Created
INFO:root:Init main
INFO:root:GUI Created
ERROR:root:Error in getFrameInLabelmodule 'PIL.Image' has no attribute 'ANTIALIAS'
ERROR:root:Error in getFrameInLabelmodule 'PIL.Image' has no attribute 'ANTIALIAS'
ERROR:root:Error in getFrameInLabelmodule 'PIL.Image' has no attribute 'ANTIALIAS'
ERROR:root:Error in getFrameInLabelmodule 'PIL.Image' has no attribute 'ANTIALIAS'
INFO:root:Init main
INFO:root:GUI Created
ERROR:root:Error in getFrameInLabelmodule 'PIL.Image' has no attribute 'ANTIALIAS'
ERROR:root:Error in getFrameInLabelmodule 'PIL.Image' has no attribute 'ANTIALIAS'
ERROR:root:Error in getFrameInLabelmodule 'PIL.Image' has no attribute 'ANTIALIAS'
ERROR:root:Error in getFrameInLabelmodule 'PIL.Image' has no attribute 'ANTIALIAS'
ERROR:root:Error in getFrameInLabelmodule 'PIL.Image' has no attribute 'ANTIALIAS'
INFO:root:Init main
INFO:root:GUI Created
INFO:root:Init main
INFO:root:GUI Created
ERROR:root:Error in getFrameInLabelmodule 'PIL.Image' has no attribute 'ANTIALIAS'
INFO:root:Init main
INFO:root:Init main
INFO:root:GUI Created
INFO:root:Init main
INFO:root:GUI Created
INFO:root:Init main
INFO:root:GUI Created
INFO:root:Init main
INFO:root:GUI Created
INFO:root:Init main
INFO:root:GUI Created
INFO:root:Init main
INFO:root:GUI Created
INFO:root:Init main
INFO:root:Init main
INFO:root:Init main
